{"/home/ubuntu/TestApp/OAuthApp/Test/OAuthTest.js":{"path":"/home/ubuntu/TestApp/OAuthApp/Test/OAuthTest.js","s":{"1":1,"2":1,"3":1,"4":1,"5":1,"6":1,"7":1,"8":1,"9":1,"10":1,"11":1,"12":1,"13":1,"14":1,"15":1,"16":1,"17":1,"18":1,"19":1,"20":1,"21":1,"22":1,"23":1,"24":1,"25":1,"26":1,"27":1,"28":1,"29":1,"30":1,"31":1,"32":1,"33":1,"34":1,"35":1,"36":1,"37":1,"38":1,"39":1,"40":1,"41":1,"42":1,"43":1,"44":1,"45":1,"46":1,"47":1,"48":1,"49":1,"50":1,"51":1,"52":1,"53":1,"54":1,"55":1,"56":1,"57":1,"58":1,"59":1,"60":1,"61":1,"62":1,"63":1,"64":1,"65":1,"66":1,"67":1,"68":1,"69":1},"b":{},"f":{"1":1,"2":1,"3":1,"4":1,"5":1,"6":1,"7":1,"8":1,"9":1,"10":1,"11":1,"12":1,"13":1,"14":1,"15":1,"16":1,"17":1,"18":1,"19":1,"20":1,"21":1,"22":1,"23":1,"24":1,"25":1},"fnMap":{"1":{"name":"(anonymous_1)","line":18,"loc":{"start":{"line":18,"column":27},"end":{"line":18,"column":39}}},"2":{"name":"(anonymous_2)","line":34,"loc":{"start":{"line":34,"column":11},"end":{"line":34,"column":27}}},"3":{"name":"(anonymous_3)","line":36,"loc":{"start":{"line":36,"column":19},"end":{"line":36,"column":31}}},"4":{"name":"(anonymous_4)","line":40,"loc":{"start":{"line":40,"column":28},"end":{"line":40,"column":40}}},"5":{"name":"(anonymous_5)","line":41,"loc":{"start":{"line":41,"column":67},"end":{"line":41,"column":83}}},"6":{"name":"(anonymous_6)","line":46,"loc":{"start":{"line":46,"column":21},"end":{"line":46,"column":41}}},"7":{"name":"(anonymous_7)","line":59,"loc":{"start":{"line":59,"column":28},"end":{"line":59,"column":40}}},"8":{"name":"(anonymous_8)","line":74,"loc":{"start":{"line":74,"column":65},"end":{"line":74,"column":81}}},"9":{"name":"(anonymous_9)","line":79,"loc":{"start":{"line":79,"column":21},"end":{"line":79,"column":41}}},"10":{"name":"(anonymous_10)","line":92,"loc":{"start":{"line":92,"column":28},"end":{"line":92,"column":40}}},"11":{"name":"(anonymous_11)","line":93,"loc":{"start":{"line":93,"column":45},"end":{"line":93,"column":61}}},"12":{"name":"(anonymous_12)","line":96,"loc":{"start":{"line":96,"column":21},"end":{"line":96,"column":41}}},"13":{"name":"(anonymous_13)","line":105,"loc":{"start":{"line":105,"column":35},"end":{"line":105,"column":47}}},"14":{"name":"(anonymous_14)","line":106,"loc":{"start":{"line":106,"column":60},"end":{"line":106,"column":76}}},"15":{"name":"(anonymous_15)","line":111,"loc":{"start":{"line":111,"column":21},"end":{"line":111,"column":41}}},"16":{"name":"(anonymous_16)","line":127,"loc":{"start":{"line":127,"column":60},"end":{"line":127,"column":72}}},"17":{"name":"(anonymous_17)","line":128,"loc":{"start":{"line":128,"column":23},"end":{"line":128,"column":35}}},"18":{"name":"(anonymous_18)","line":134,"loc":{"start":{"line":134,"column":38},"end":{"line":134,"column":50}}},"19":{"name":"(anonymous_19)","line":145,"loc":{"start":{"line":145,"column":23},"end":{"line":145,"column":39}}},"20":{"name":"(anonymous_20)","line":147,"loc":{"start":{"line":147,"column":42},"end":{"line":147,"column":65}}},"21":{"name":"(anonymous_21)","line":157,"loc":{"start":{"line":157,"column":60},"end":{"line":157,"column":72}}},"22":{"name":"(anonymous_22)","line":158,"loc":{"start":{"line":158,"column":23},"end":{"line":158,"column":35}}},"23":{"name":"(anonymous_23)","line":163,"loc":{"start":{"line":163,"column":38},"end":{"line":163,"column":50}}},"24":{"name":"(anonymous_24)","line":172,"loc":{"start":{"line":172,"column":23},"end":{"line":172,"column":39}}},"25":{"name":"(anonymous_25)","line":174,"loc":{"start":{"line":174,"column":43},"end":{"line":174,"column":66}}}},"statementMap":{"1":{"start":{"line":4,"column":0},"end":{"line":4,"column":27}},"2":{"start":{"line":5,"column":0},"end":{"line":5,"column":36}},"3":{"start":{"line":6,"column":0},"end":{"line":6,"column":27}},"4":{"start":{"line":7,"column":0},"end":{"line":7,"column":36}},"5":{"start":{"line":8,"column":0},"end":{"line":8,"column":35}},"6":{"start":{"line":9,"column":0},"end":{"line":9,"column":38}},"7":{"start":{"line":10,"column":0},"end":{"line":10,"column":19}},"8":{"start":{"line":11,"column":0},"end":{"line":11,"column":20}},"9":{"start":{"line":12,"column":0},"end":{"line":12,"column":55}},"10":{"start":{"line":13,"column":0},"end":{"line":13,"column":54}},"11":{"start":{"line":18,"column":0},"end":{"line":125,"column":3}},"12":{"start":{"line":20,"column":4},"end":{"line":33,"column":6}},"13":{"start":{"line":34,"column":4},"end":{"line":39,"column":7}},"14":{"start":{"line":35,"column":8},"end":{"line":35,"column":44}},"15":{"start":{"line":36,"column":8},"end":{"line":38,"column":17}},"16":{"start":{"line":37,"column":12},"end":{"line":37,"column":19}},"17":{"start":{"line":40,"column":4},"end":{"line":57,"column":7}},"18":{"start":{"line":41,"column":8},"end":{"line":56,"column":11}},"19":{"start":{"line":42,"column":12},"end":{"line":53,"column":19}},"20":{"start":{"line":47,"column":20},"end":{"line":47,"column":48}},"21":{"start":{"line":48,"column":20},"end":{"line":48,"column":53}},"22":{"start":{"line":49,"column":20},"end":{"line":49,"column":55}},"23":{"start":{"line":50,"column":20},"end":{"line":50,"column":46}},"24":{"start":{"line":51,"column":20},"end":{"line":51,"column":44}},"25":{"start":{"line":52,"column":20},"end":{"line":52,"column":27}},"26":{"start":{"line":59,"column":4},"end":{"line":90,"column":7}},"27":{"start":{"line":60,"column":8},"end":{"line":73,"column":10}},"28":{"start":{"line":74,"column":8},"end":{"line":89,"column":11}},"29":{"start":{"line":75,"column":12},"end":{"line":86,"column":19}},"30":{"start":{"line":80,"column":20},"end":{"line":80,"column":48}},"31":{"start":{"line":81,"column":20},"end":{"line":81,"column":53}},"32":{"start":{"line":82,"column":20},"end":{"line":82,"column":55}},"33":{"start":{"line":83,"column":20},"end":{"line":83,"column":46}},"34":{"start":{"line":84,"column":20},"end":{"line":84,"column":44}},"35":{"start":{"line":85,"column":20},"end":{"line":85,"column":27}},"36":{"start":{"line":92,"column":4},"end":{"line":102,"column":7}},"37":{"start":{"line":93,"column":8},"end":{"line":101,"column":11}},"38":{"start":{"line":94,"column":12},"end":{"line":100,"column":19}},"39":{"start":{"line":97,"column":20},"end":{"line":97,"column":48}},"40":{"start":{"line":98,"column":20},"end":{"line":98,"column":53}},"41":{"start":{"line":99,"column":20},"end":{"line":99,"column":27}},"42":{"start":{"line":105,"column":4},"end":{"line":122,"column":7}},"43":{"start":{"line":106,"column":8},"end":{"line":121,"column":11}},"44":{"start":{"line":107,"column":12},"end":{"line":118,"column":19}},"45":{"start":{"line":112,"column":20},"end":{"line":112,"column":48}},"46":{"start":{"line":114,"column":20},"end":{"line":114,"column":55}},"47":{"start":{"line":115,"column":20},"end":{"line":115,"column":47}},"48":{"start":{"line":116,"column":20},"end":{"line":116,"column":49}},"49":{"start":{"line":117,"column":20},"end":{"line":117,"column":27}},"50":{"start":{"line":127,"column":0},"end":{"line":131,"column":3}},"51":{"start":{"line":128,"column":4},"end":{"line":130,"column":7}},"52":{"start":{"line":129,"column":8},"end":{"line":129,"column":42}},"53":{"start":{"line":134,"column":0},"end":{"line":154,"column":3}},"54":{"start":{"line":135,"column":4},"end":{"line":135,"column":38}},"55":{"start":{"line":136,"column":4},"end":{"line":144,"column":6}},"56":{"start":{"line":145,"column":4},"end":{"line":153,"column":7}},"57":{"start":{"line":147,"column":8},"end":{"line":152,"column":11}},"58":{"start":{"line":148,"column":12},"end":{"line":148,"column":40}},"59":{"start":{"line":149,"column":12},"end":{"line":149,"column":19}},"60":{"start":{"line":157,"column":0},"end":{"line":161,"column":3}},"61":{"start":{"line":158,"column":4},"end":{"line":160,"column":7}},"62":{"start":{"line":159,"column":8},"end":{"line":159,"column":42}},"63":{"start":{"line":163,"column":0},"end":{"line":179,"column":3}},"64":{"start":{"line":164,"column":4},"end":{"line":164,"column":37}},"65":{"start":{"line":165,"column":4},"end":{"line":171,"column":6}},"66":{"start":{"line":172,"column":4},"end":{"line":178,"column":7}},"67":{"start":{"line":174,"column":8},"end":{"line":177,"column":11}},"68":{"start":{"line":175,"column":12},"end":{"line":175,"column":40}},"69":{"start":{"line":176,"column":12},"end":{"line":176,"column":19}}},"branchMap":{}},"/home/ubuntu/TestApp/OAuthApp/src/app.js":{"path":"/home/ubuntu/TestApp/OAuthApp/src/app.js","s":{"1":1,"2":1,"3":1,"4":1,"5":1,"6":1,"7":1,"8":1,"9":1,"10":1,"11":1,"12":1,"13":1,"14":1,"15":1,"16":1,"17":1,"18":1,"19":1,"20":1,"21":1,"22":1,"23":1,"24":1,"25":1,"26":1,"27":1,"28":1,"29":1,"30":1,"31":1,"32":1,"33":1,"34":0,"35":1,"36":0,"37":1,"38":0,"39":0,"40":1,"41":0,"42":0,"43":0,"44":1,"45":1,"46":1,"47":1},"b":{"1":[0,0],"2":[1,1]},"f":{"1":1,"2":0,"3":0,"4":0,"5":0},"fnMap":{"1":{"name":"(anonymous_1)","line":10,"loc":{"start":{"line":10,"column":14},"end":{"line":10,"column":25}}},"2":{"name":"(anonymous_2)","line":59,"loc":{"start":{"line":59,"column":23},"end":{"line":59,"column":42}}},"3":{"name":"(anonymous_3)","line":63,"loc":{"start":{"line":63,"column":25},"end":{"line":63,"column":43}}},"4":{"name":"(anonymous_4)","line":69,"loc":{"start":{"line":69,"column":19},"end":{"line":69,"column":37}}},"5":{"name":"ensureAuthenticated","line":79,"loc":{"start":{"line":79,"column":0},"end":{"line":79,"column":45}}}},"statementMap":{"1":{"start":{"line":2,"column":0},"end":{"line":2,"column":23}},"2":{"start":{"line":3,"column":0},"end":{"line":3,"column":33}},"3":{"start":{"line":4,"column":0},"end":{"line":4,"column":35}},"4":{"start":{"line":5,"column":0},"end":{"line":5,"column":27}},"5":{"start":{"line":7,"column":0},"end":{"line":7,"column":20}},"6":{"start":{"line":10,"column":0},"end":{"line":26,"column":3}},"7":{"start":{"line":11,"column":4},"end":{"line":11,"column":43}},"8":{"start":{"line":12,"column":4},"end":{"line":12,"column":35}},"9":{"start":{"line":13,"column":4},"end":{"line":13,"column":30}},"10":{"start":{"line":14,"column":4},"end":{"line":14,"column":36}},"11":{"start":{"line":15,"column":4},"end":{"line":15,"column":34}},"12":{"start":{"line":16,"column":4},"end":{"line":16,"column":38}},"13":{"start":{"line":17,"column":4},"end":{"line":17,"column":76}},"14":{"start":{"line":21,"column":4},"end":{"line":21,"column":35}},"15":{"start":{"line":22,"column":4},"end":{"line":22,"column":52}},"16":{"start":{"line":23,"column":4},"end":{"line":23,"column":24}},"17":{"start":{"line":24,"column":4},"end":{"line":24,"column":51}},"18":{"start":{"line":29,"column":0},"end":{"line":29,"column":47}},"19":{"start":{"line":30,"column":0},"end":{"line":30,"column":43}},"20":{"start":{"line":31,"column":0},"end":{"line":31,"column":47}},"21":{"start":{"line":32,"column":0},"end":{"line":32,"column":45}},"22":{"start":{"line":34,"column":0},"end":{"line":34,"column":18}},"23":{"start":{"line":35,"column":0},"end":{"line":35,"column":16}},"24":{"start":{"line":36,"column":0},"end":{"line":36,"column":18}},"25":{"start":{"line":37,"column":0},"end":{"line":37,"column":17}},"26":{"start":{"line":39,"column":0},"end":{"line":39,"column":36}},"27":{"start":{"line":40,"column":0},"end":{"line":40,"column":23}},"28":{"start":{"line":41,"column":0},"end":{"line":41,"column":24}},"29":{"start":{"line":42,"column":0},"end":{"line":42,"column":24}},"30":{"start":{"line":45,"column":0},"end":{"line":45,"column":43}},"31":{"start":{"line":46,"column":0},"end":{"line":46,"column":29}},"32":{"start":{"line":48,"column":0},"end":{"line":48,"column":23}},"33":{"start":{"line":59,"column":0},"end":{"line":61,"column":3}},"34":{"start":{"line":60,"column":4},"end":{"line":60,"column":19}},"35":{"start":{"line":63,"column":0},"end":{"line":65,"column":3}},"36":{"start":{"line":64,"column":4},"end":{"line":64,"column":18}},"37":{"start":{"line":69,"column":0},"end":{"line":72,"column":3}},"38":{"start":{"line":70,"column":4},"end":{"line":70,"column":17}},"39":{"start":{"line":71,"column":4},"end":{"line":71,"column":40}},"40":{"start":{"line":79,"column":0},"end":{"line":82,"column":1}},"41":{"start":{"line":80,"column":4},"end":{"line":80,"column":49}},"42":{"start":{"line":80,"column":33},"end":{"line":80,"column":47}},"43":{"start":{"line":81,"column":4},"end":{"line":81,"column":27}},"44":{"start":{"line":85,"column":0},"end":{"line":85,"column":36}},"45":{"start":{"line":86,"column":0},"end":{"line":86,"column":17}},"46":{"start":{"line":87,"column":0},"end":{"line":87,"column":38}},"47":{"start":{"line":88,"column":0},"end":{"line":88,"column":21}}},"branchMap":{"1":{"line":80,"type":"if","locations":[{"start":{"line":80,"column":4},"end":{"line":80,"column":4}},{"start":{"line":80,"column":4},"end":{"line":80,"column":4}}]},"2":{"line":85,"type":"binary-expr","locations":[{"start":{"line":85,"column":11},"end":{"line":85,"column":27}},{"start":{"line":85,"column":31},"end":{"line":85,"column":35}}]}}},"/home/ubuntu/TestApp/OAuthApp/src/providers/facebook.js":{"path":"/home/ubuntu/TestApp/OAuthApp/src/providers/facebook.js","s":{"1":1,"2":1,"3":1,"4":1,"5":1,"6":1,"7":0,"8":0,"9":0,"10":1,"11":1,"12":0,"13":0,"14":0,"15":0,"16":1,"17":1,"18":0,"19":0,"20":0,"21":0,"22":0,"23":1},"b":{"1":[0,1],"2":[1,0,0],"3":[0,0],"4":[0,0,0],"5":[0,0]},"f":{"1":0,"2":1,"3":0,"4":0,"5":0},"fnMap":{"1":{"name":"(anonymous_1)","line":21,"loc":{"start":{"line":21,"column":8},"end":{"line":21,"column":59}}},"2":{"name":"facebook","line":33,"loc":{"start":{"line":33,"column":0},"end":{"line":33,"column":22}}},"3":{"name":"(anonymous_3)","line":35,"loc":{"start":{"line":35,"column":25},"end":{"line":35,"column":45}}},"4":{"name":"(anonymous_4)","line":55,"loc":{"start":{"line":55,"column":8},"end":{"line":55,"column":26}}},"5":{"name":"(anonymous_5)","line":68,"loc":{"start":{"line":68,"column":8},"end":{"line":68,"column":27}}}},"statementMap":{"1":{"start":{"line":2,"column":0},"end":{"line":2,"column":61}},"2":{"start":{"line":3,"column":0},"end":{"line":3,"column":35}},"3":{"start":{"line":4,"column":0},"end":{"line":4,"column":23}},"4":{"start":{"line":5,"column":0},"end":{"line":5,"column":21}},"5":{"start":{"line":6,"column":0},"end":{"line":6,"column":21}},"6":{"start":{"line":15,"column":0},"end":{"line":31,"column":1}},"7":{"start":{"line":16,"column":4},"end":{"line":30,"column":7}},"8":{"start":{"line":27,"column":12},"end":{"line":27,"column":38}},"9":{"start":{"line":28,"column":12},"end":{"line":28,"column":32}},"10":{"start":{"line":33,"column":0},"end":{"line":84,"column":1}},"11":{"start":{"line":35,"column":4},"end":{"line":45,"column":7}},"12":{"start":{"line":36,"column":8},"end":{"line":43,"column":9}},"13":{"start":{"line":37,"column":12},"end":{"line":37,"column":48}},"14":{"start":{"line":39,"column":12},"end":{"line":39,"column":43}},"15":{"start":{"line":42,"column":12},"end":{"line":42,"column":26}},"16":{"start":{"line":52,"column":4},"end":{"line":59,"column":6}},"17":{"start":{"line":66,"column":4},"end":{"line":83,"column":11}},"18":{"start":{"line":69,"column":12},"end":{"line":74,"column":14}},"19":{"start":{"line":76,"column":12},"end":{"line":76,"column":42}},"20":{"start":{"line":77,"column":12},"end":{"line":82,"column":13}},"21":{"start":{"line":78,"column":16},"end":{"line":78,"column":53}},"22":{"start":{"line":81,"column":16},"end":{"line":81,"column":58}},"23":{"start":{"line":86,"column":0},"end":{"line":86,"column":26}}},"branchMap":{"1":{"line":15,"type":"if","locations":[{"start":{"line":15,"column":0},"end":{"line":15,"column":0}},{"start":{"line":15,"column":0},"end":{"line":15,"column":0}}]},"2":{"line":15,"type":"binary-expr","locations":[{"start":{"line":15,"column":4},"end":{"line":15,"column":33}},{"start":{"line":15,"column":37},"end":{"line":15,"column":70}},{"start":{"line":15,"column":74},"end":{"line":15,"column":106}}]},"3":{"line":36,"type":"if","locations":[{"start":{"line":36,"column":8},"end":{"line":36,"column":8}},{"start":{"line":36,"column":8},"end":{"line":36,"column":8}}]},"4":{"line":36,"type":"binary-expr","locations":[{"start":{"line":36,"column":12},"end":{"line":36,"column":41}},{"start":{"line":36,"column":45},"end":{"line":36,"column":78}},{"start":{"line":36,"column":82},"end":{"line":36,"column":114}}]},"5":{"line":77,"type":"if","locations":[{"start":{"line":77,"column":12},"end":{"line":77,"column":12}},{"start":{"line":77,"column":12},"end":{"line":77,"column":12}}]}}},"/home/ubuntu/TestApp/OAuthApp/src/providers/google.js":{"path":"/home/ubuntu/TestApp/OAuthApp/src/providers/google.js","s":{"1":1,"2":1,"3":1,"4":1,"5":1,"6":1,"7":0,"8":0,"9":0,"10":1,"11":1,"12":0,"13":0,"14":0,"15":0,"16":1,"17":1,"18":0,"19":0,"20":0,"21":0,"22":0,"23":1},"b":{"1":[0,1],"2":[1,0,0],"3":[0,0],"4":[0,0,0],"5":[0,0]},"f":{"1":0,"2":1,"3":0,"4":0,"5":0},"fnMap":{"1":{"name":"(anonymous_1)","line":22,"loc":{"start":{"line":22,"column":8},"end":{"line":22,"column":68}}},"2":{"name":"google","line":34,"loc":{"start":{"line":34,"column":0},"end":{"line":34,"column":20}}},"3":{"name":"(anonymous_3)","line":35,"loc":{"start":{"line":35,"column":23},"end":{"line":35,"column":43}}},"4":{"name":"(anonymous_4)","line":57,"loc":{"start":{"line":57,"column":8},"end":{"line":57,"column":26}}},"5":{"name":"(anonymous_5)","line":70,"loc":{"start":{"line":70,"column":8},"end":{"line":70,"column":27}}}},"statementMap":{"1":{"start":{"line":2,"column":0},"end":{"line":2,"column":35}},"2":{"start":{"line":3,"column":0},"end":{"line":3,"column":64}},"3":{"start":{"line":4,"column":0},"end":{"line":4,"column":23}},"4":{"start":{"line":5,"column":0},"end":{"line":5,"column":21}},"5":{"start":{"line":6,"column":0},"end":{"line":6,"column":21}},"6":{"start":{"line":16,"column":0},"end":{"line":32,"column":1}},"7":{"start":{"line":17,"column":4},"end":{"line":31,"column":7}},"8":{"start":{"line":28,"column":12},"end":{"line":28,"column":34}},"9":{"start":{"line":29,"column":12},"end":{"line":29,"column":32}},"10":{"start":{"line":34,"column":0},"end":{"line":86,"column":1}},"11":{"start":{"line":35,"column":4},"end":{"line":45,"column":7}},"12":{"start":{"line":36,"column":8},"end":{"line":43,"column":9}},"13":{"start":{"line":37,"column":12},"end":{"line":37,"column":48}},"14":{"start":{"line":39,"column":12},"end":{"line":39,"column":41}},"15":{"start":{"line":42,"column":12},"end":{"line":42,"column":26}},"16":{"start":{"line":52,"column":4},"end":{"line":61,"column":6}},"17":{"start":{"line":68,"column":4},"end":{"line":85,"column":6}},"18":{"start":{"line":71,"column":12},"end":{"line":76,"column":14}},"19":{"start":{"line":77,"column":12},"end":{"line":77,"column":42}},"20":{"start":{"line":78,"column":12},"end":{"line":83,"column":13}},"21":{"start":{"line":79,"column":16},"end":{"line":79,"column":53}},"22":{"start":{"line":82,"column":16},"end":{"line":82,"column":58}},"23":{"start":{"line":88,"column":0},"end":{"line":88,"column":24}}},"branchMap":{"1":{"line":16,"type":"if","locations":[{"start":{"line":16,"column":0},"end":{"line":16,"column":0}},{"start":{"line":16,"column":0},"end":{"line":16,"column":0}}]},"2":{"line":16,"type":"binary-expr","locations":[{"start":{"line":16,"column":4},"end":{"line":16,"column":31}},{"start":{"line":16,"column":35},"end":{"line":16,"column":66}},{"start":{"line":16,"column":70},"end":{"line":16,"column":100}}]},"3":{"line":36,"type":"if","locations":[{"start":{"line":36,"column":8},"end":{"line":36,"column":8}},{"start":{"line":36,"column":8},"end":{"line":36,"column":8}}]},"4":{"line":36,"type":"binary-expr","locations":[{"start":{"line":36,"column":12},"end":{"line":36,"column":39}},{"start":{"line":36,"column":43},"end":{"line":36,"column":74}},{"start":{"line":36,"column":78},"end":{"line":36,"column":108}}]},"5":{"line":78,"type":"if","locations":[{"start":{"line":78,"column":12},"end":{"line":78,"column":12}},{"start":{"line":78,"column":12},"end":{"line":78,"column":12}}]}}},"/home/ubuntu/TestApp/OAuthApp/src/providers/linkedin.js":{"path":"/home/ubuntu/TestApp/OAuthApp/src/providers/linkedin.js","s":{"1":1,"2":1,"3":1,"4":1,"5":1,"6":1,"7":0,"8":0,"9":0,"10":1,"11":1,"12":0,"13":0,"14":0,"15":0,"16":1,"17":1,"18":0,"19":0,"20":0,"21":0,"22":0,"23":1},"b":{"1":[0,1],"2":[1,0,0],"3":[0,0],"4":[0,0,0],"5":[0,0]},"f":{"1":0,"2":1,"3":0,"4":0,"5":0},"fnMap":{"1":{"name":"(anonymous_1)","line":25,"loc":{"start":{"line":25,"column":8},"end":{"line":25,"column":64}}},"2":{"name":"linkedin","line":38,"loc":{"start":{"line":38,"column":0},"end":{"line":38,"column":22}}},"3":{"name":"(anonymous_3)","line":39,"loc":{"start":{"line":39,"column":25},"end":{"line":39,"column":45}}},"4":{"name":"(anonymous_4)","line":57,"loc":{"start":{"line":57,"column":8},"end":{"line":57,"column":26}}},"5":{"name":"(anonymous_5)","line":70,"loc":{"start":{"line":70,"column":8},"end":{"line":70,"column":27}}}},"statementMap":{"1":{"start":{"line":2,"column":0},"end":{"line":2,"column":35}},"2":{"start":{"line":3,"column":0},"end":{"line":3,"column":68}},"3":{"start":{"line":4,"column":0},"end":{"line":4,"column":23}},"4":{"start":{"line":5,"column":0},"end":{"line":5,"column":21}},"5":{"start":{"line":6,"column":0},"end":{"line":6,"column":21}},"6":{"start":{"line":16,"column":0},"end":{"line":36,"column":1}},"7":{"start":{"line":17,"column":4},"end":{"line":35,"column":7}},"8":{"start":{"line":31,"column":12},"end":{"line":31,"column":38}},"9":{"start":{"line":32,"column":12},"end":{"line":32,"column":32}},"10":{"start":{"line":38,"column":0},"end":{"line":85,"column":1}},"11":{"start":{"line":39,"column":4},"end":{"line":48,"column":7}},"12":{"start":{"line":40,"column":8},"end":{"line":47,"column":9}},"13":{"start":{"line":41,"column":12},"end":{"line":41,"column":48}},"14":{"start":{"line":43,"column":12},"end":{"line":43,"column":43}},"15":{"start":{"line":46,"column":12},"end":{"line":46,"column":26}},"16":{"start":{"line":55,"column":4},"end":{"line":61,"column":6}},"17":{"start":{"line":68,"column":4},"end":{"line":84,"column":11}},"18":{"start":{"line":71,"column":12},"end":{"line":76,"column":14}},"19":{"start":{"line":77,"column":12},"end":{"line":77,"column":42}},"20":{"start":{"line":78,"column":12},"end":{"line":83,"column":13}},"21":{"start":{"line":79,"column":16},"end":{"line":79,"column":53}},"22":{"start":{"line":82,"column":16},"end":{"line":82,"column":58}},"23":{"start":{"line":87,"column":0},"end":{"line":87,"column":26}}},"branchMap":{"1":{"line":16,"type":"if","locations":[{"start":{"line":16,"column":0},"end":{"line":16,"column":0}},{"start":{"line":16,"column":0},"end":{"line":16,"column":0}}]},"2":{"line":16,"type":"binary-expr","locations":[{"start":{"line":16,"column":4},"end":{"line":16,"column":33}},{"start":{"line":16,"column":37},"end":{"line":16,"column":70}},{"start":{"line":16,"column":74},"end":{"line":16,"column":106}}]},"3":{"line":40,"type":"if","locations":[{"start":{"line":40,"column":8},"end":{"line":40,"column":8}},{"start":{"line":40,"column":8},"end":{"line":40,"column":8}}]},"4":{"line":40,"type":"binary-expr","locations":[{"start":{"line":40,"column":12},"end":{"line":40,"column":41}},{"start":{"line":40,"column":45},"end":{"line":40,"column":78}},{"start":{"line":40,"column":82},"end":{"line":40,"column":114}}]},"5":{"line":78,"type":"if","locations":[{"start":{"line":78,"column":12},"end":{"line":78,"column":12}},{"start":{"line":78,"column":12},"end":{"line":78,"column":12}}]}}},"/home/ubuntu/TestApp/OAuthApp/src/providers/twitter.js":{"path":"/home/ubuntu/TestApp/OAuthApp/src/providers/twitter.js","s":{"1":1,"2":1,"3":1,"4":1,"5":1,"6":1,"7":1,"8":0,"9":0,"10":0,"11":0,"12":1,"13":1,"14":0,"15":0,"16":0,"17":0,"18":1,"19":1,"20":0,"21":0,"22":0,"23":0,"24":0,"25":1},"b":{"1":[0,1],"2":[1,0,0],"3":[0,0],"4":[0,0,0],"5":[0,0]},"f":{"1":0,"2":1,"3":0,"4":0,"5":0},"fnMap":{"1":{"name":"(anonymous_1)","line":23,"loc":{"start":{"line":23,"column":8},"end":{"line":23,"column":59}}},"2":{"name":"twitter","line":36,"loc":{"start":{"line":36,"column":0},"end":{"line":36,"column":21}}},"3":{"name":"(anonymous_3)","line":37,"loc":{"start":{"line":37,"column":24},"end":{"line":37,"column":44}}},"4":{"name":"(anonymous_4)","line":55,"loc":{"start":{"line":55,"column":8},"end":{"line":55,"column":26}}},"5":{"name":"(anonymous_5)","line":67,"loc":{"start":{"line":67,"column":8},"end":{"line":67,"column":27}}}},"statementMap":{"1":{"start":{"line":2,"column":0},"end":{"line":2,"column":35}},"2":{"start":{"line":3,"column":0},"end":{"line":3,"column":59}},"3":{"start":{"line":4,"column":0},"end":{"line":4,"column":23}},"4":{"start":{"line":5,"column":0},"end":{"line":5,"column":21}},"5":{"start":{"line":6,"column":0},"end":{"line":6,"column":22}},"6":{"start":{"line":7,"column":0},"end":{"line":7,"column":21}},"7":{"start":{"line":17,"column":0},"end":{"line":34,"column":1}},"8":{"start":{"line":18,"column":4},"end":{"line":33,"column":7}},"9":{"start":{"line":29,"column":12},"end":{"line":29,"column":38}},"10":{"start":{"line":30,"column":12},"end":{"line":30,"column":40}},"11":{"start":{"line":31,"column":12},"end":{"line":31,"column":32}},"12":{"start":{"line":36,"column":0},"end":{"line":84,"column":1}},"13":{"start":{"line":37,"column":4},"end":{"line":46,"column":7}},"14":{"start":{"line":38,"column":8},"end":{"line":45,"column":9}},"15":{"start":{"line":39,"column":12},"end":{"line":39,"column":48}},"16":{"start":{"line":41,"column":12},"end":{"line":41,"column":42}},"17":{"start":{"line":44,"column":12},"end":{"line":44,"column":26}},"18":{"start":{"line":53,"column":4},"end":{"line":59,"column":6}},"19":{"start":{"line":65,"column":4},"end":{"line":83,"column":6}},"20":{"start":{"line":68,"column":12},"end":{"line":74,"column":14}},"21":{"start":{"line":75,"column":12},"end":{"line":75,"column":42}},"22":{"start":{"line":76,"column":12},"end":{"line":81,"column":13}},"23":{"start":{"line":77,"column":16},"end":{"line":77,"column":53}},"24":{"start":{"line":80,"column":16},"end":{"line":80,"column":58}},"25":{"start":{"line":86,"column":0},"end":{"line":86,"column":25}}},"branchMap":{"1":{"line":17,"type":"if","locations":[{"start":{"line":17,"column":0},"end":{"line":17,"column":0}},{"start":{"line":17,"column":0},"end":{"line":17,"column":0}}]},"2":{"line":17,"type":"binary-expr","locations":[{"start":{"line":17,"column":4},"end":{"line":17,"column":32}},{"start":{"line":17,"column":36},"end":{"line":17,"column":68}},{"start":{"line":17,"column":72},"end":{"line":17,"column":103}}]},"3":{"line":38,"type":"if","locations":[{"start":{"line":38,"column":8},"end":{"line":38,"column":8}},{"start":{"line":38,"column":8},"end":{"line":38,"column":8}}]},"4":{"line":38,"type":"binary-expr","locations":[{"start":{"line":38,"column":12},"end":{"line":38,"column":40}},{"start":{"line":38,"column":44},"end":{"line":38,"column":76}},{"start":{"line":38,"column":80},"end":{"line":38,"column":111}}]},"5":{"line":76,"type":"if","locations":[{"start":{"line":76,"column":12},"end":{"line":76,"column":12}},{"start":{"line":76,"column":12},"end":{"line":76,"column":12}}]}}},"/home/ubuntu/TestApp/OAuthApp/src/hooks/otp.js":{"path":"/home/ubuntu/TestApp/OAuthApp/src/hooks/otp.js","s":{"1":1,"2":1,"3":1,"4":1,"5":1,"6":1,"7":1,"8":1,"9":1,"10":2,"11":2,"12":2,"13":2,"14":2,"15":2,"16":2,"17":2,"18":2,"19":2,"20":2,"21":2,"22":0,"23":0,"24":0,"25":0,"26":0,"27":0,"28":0,"29":0,"30":0,"31":0,"32":0,"33":0,"34":0,"35":0,"36":2,"37":2,"38":2,"39":2,"40":2,"41":2,"42":2,"43":2,"44":2,"45":0,"46":2,"47":2,"48":0,"49":0,"50":0,"51":0,"52":0,"53":0,"54":1,"55":1,"56":1,"57":1,"58":1,"59":1,"60":1,"61":1,"62":1,"63":1,"64":1,"65":1,"66":1,"67":1,"68":0,"69":0,"70":1},"b":{"1":[2,0],"2":[2,2],"3":[2,0],"4":[2,2],"5":[2,0],"6":[2,2],"7":[0,2],"8":[0,0],"9":[0,0,0,0,0],"10":[0,0],"11":[2,0],"12":[2,0],"13":[2,2,2,2,2],"14":[0,2],"15":[1,0],"16":[1,1]},"f":{"1":1,"2":1,"3":2,"4":0,"5":2,"6":1,"7":1},"fnMap":{"1":{"name":"(anonymous_1)","line":13,"loc":{"start":{"line":13,"column":10},"end":{"line":13,"column":22}}},"2":{"name":"(anonymous_2)","line":21,"loc":{"start":{"line":21,"column":28},"end":{"line":21,"column":43}}},"3":{"name":"(anonymous_3)","line":23,"loc":{"start":{"line":23,"column":38},"end":{"line":23,"column":58}}},"4":{"name":"(anonymous_4)","line":61,"loc":{"start":{"line":61,"column":46},"end":{"line":61,"column":69}}},"5":{"name":"(anonymous_5)","line":101,"loc":{"start":{"line":101,"column":45},"end":{"line":101,"column":68}}},"6":{"name":"(anonymous_6)","line":132,"loc":{"start":{"line":132,"column":28},"end":{"line":132,"column":43}}},"7":{"name":"(anonymous_7)","line":134,"loc":{"start":{"line":134,"column":38},"end":{"line":134,"column":58}}}},"statementMap":{"1":{"start":{"line":6,"column":0},"end":{"line":6,"column":31}},"2":{"start":{"line":7,"column":0},"end":{"line":7,"column":28}},"3":{"start":{"line":8,"column":0},"end":{"line":8,"column":30}},"4":{"start":{"line":9,"column":0},"end":{"line":9,"column":43}},"5":{"start":{"line":10,"column":0},"end":{"line":10,"column":40}},"6":{"start":{"line":11,"column":0},"end":{"line":11,"column":35}},"7":{"start":{"line":13,"column":0},"end":{"line":15,"column":2}},"8":{"start":{"line":21,"column":0},"end":{"line":128,"column":2}},"9":{"start":{"line":23,"column":4},"end":{"line":127,"column":7}},"10":{"start":{"line":25,"column":8},"end":{"line":25,"column":28}},"11":{"start":{"line":27,"column":8},"end":{"line":27,"column":98}},"12":{"start":{"line":28,"column":8},"end":{"line":28,"column":103}},"13":{"start":{"line":29,"column":8},"end":{"line":29,"column":104}},"14":{"start":{"line":30,"column":8},"end":{"line":30,"column":56}},"15":{"start":{"line":33,"column":8},"end":{"line":33,"column":36}},"16":{"start":{"line":35,"column":8},"end":{"line":35,"column":62}},"17":{"start":{"line":38,"column":8},"end":{"line":38,"column":55}},"18":{"start":{"line":41,"column":8},"end":{"line":41,"column":68}},"19":{"start":{"line":42,"column":8},"end":{"line":42,"column":65}},"20":{"start":{"line":43,"column":8},"end":{"line":43,"column":41}},"21":{"start":{"line":46,"column":8},"end":{"line":126,"column":9}},"22":{"start":{"line":47,"column":12},"end":{"line":84,"column":13}},"23":{"start":{"line":49,"column":16},"end":{"line":49,"column":59}},"24":{"start":{"line":50,"column":16},"end":{"line":50,"column":45}},"25":{"start":{"line":52,"column":16},"end":{"line":59,"column":18}},"26":{"start":{"line":61,"column":16},"end":{"line":78,"column":19}},"27":{"start":{"line":62,"column":20},"end":{"line":62,"column":67}},"28":{"start":{"line":63,"column":20},"end":{"line":63,"column":113}},"29":{"start":{"line":64,"column":20},"end":{"line":76,"column":21}},"30":{"start":{"line":66,"column":24},"end":{"line":66,"column":59}},"31":{"start":{"line":69,"column":24},"end":{"line":72,"column":26}},"32":{"start":{"line":74,"column":24},"end":{"line":74,"column":62}},"33":{"start":{"line":81,"column":16},"end":{"line":81,"column":63}},"34":{"start":{"line":82,"column":16},"end":{"line":82,"column":109}},"35":{"start":{"line":83,"column":16},"end":{"line":83,"column":68}},"36":{"start":{"line":87,"column":13},"end":{"line":126,"column":9}},"37":{"start":{"line":88,"column":12},"end":{"line":120,"column":13}},"38":{"start":{"line":90,"column":16},"end":{"line":90,"column":63}},"39":{"start":{"line":91,"column":16},"end":{"line":91,"column":49}},"40":{"start":{"line":93,"column":16},"end":{"line":100,"column":18}},"41":{"start":{"line":101,"column":16},"end":{"line":114,"column":19}},"42":{"start":{"line":102,"column":20},"end":{"line":102,"column":67}},"43":{"start":{"line":103,"column":20},"end":{"line":103,"column":113}},"44":{"start":{"line":104,"column":20},"end":{"line":113,"column":21}},"45":{"start":{"line":105,"column":24},"end":{"line":105,"column":59}},"46":{"start":{"line":108,"column":24},"end":{"line":111,"column":26}},"47":{"start":{"line":112,"column":24},"end":{"line":112,"column":62}},"48":{"start":{"line":117,"column":16},"end":{"line":117,"column":63}},"49":{"start":{"line":118,"column":16},"end":{"line":118,"column":109}},"50":{"start":{"line":119,"column":16},"end":{"line":119,"column":70}},"51":{"start":{"line":123,"column":12},"end":{"line":123,"column":59}},"52":{"start":{"line":124,"column":12},"end":{"line":124,"column":105}},"53":{"start":{"line":125,"column":12},"end":{"line":125,"column":53}},"54":{"start":{"line":132,"column":0},"end":{"line":160,"column":2}},"55":{"start":{"line":134,"column":4},"end":{"line":159,"column":7}},"56":{"start":{"line":136,"column":8},"end":{"line":136,"column":72}},"57":{"start":{"line":138,"column":8},"end":{"line":138,"column":40}},"58":{"start":{"line":140,"column":8},"end":{"line":140,"column":66}},"59":{"start":{"line":141,"column":8},"end":{"line":141,"column":44}},"60":{"start":{"line":143,"column":8},"end":{"line":143,"column":53}},"61":{"start":{"line":144,"column":8},"end":{"line":144,"column":24}},"62":{"start":{"line":145,"column":8},"end":{"line":145,"column":37}},"63":{"start":{"line":146,"column":8},"end":{"line":146,"column":55}},"64":{"start":{"line":147,"column":8},"end":{"line":147,"column":101}},"65":{"start":{"line":148,"column":8},"end":{"line":154,"column":9}},"66":{"start":{"line":149,"column":12},"end":{"line":149,"column":60}},"67":{"start":{"line":150,"column":12},"end":{"line":150,"column":50}},"68":{"start":{"line":152,"column":12},"end":{"line":152,"column":53}},"69":{"start":{"line":153,"column":12},"end":{"line":153,"column":50}},"70":{"start":{"line":162,"column":0},"end":{"line":162,"column":21}}},"branchMap":{"1":{"line":27,"type":"cond-expr","locations":[{"start":{"line":27,"column":71},"end":{"line":27,"column":93}},{"start":{"line":27,"column":96},"end":{"line":27,"column":97}}]},"2":{"line":27,"type":"binary-expr","locations":[{"start":{"line":27,"column":29},"end":{"line":27,"column":41}},{"start":{"line":27,"column":45},"end":{"line":27,"column":67}}]},"3":{"line":28,"type":"cond-expr","locations":[{"start":{"line":28,"column":70},"end":{"line":28,"column":90}},{"start":{"line":28,"column":93},"end":{"line":28,"column":102}}]},"4":{"line":28,"type":"binary-expr","locations":[{"start":{"line":28,"column":30},"end":{"line":28,"column":42}},{"start":{"line":28,"column":46},"end":{"line":28,"column":66}}]},"5":{"line":29,"type":"cond-expr","locations":[{"start":{"line":29,"column":72},"end":{"line":29,"column":98}},{"start":{"line":29,"column":101},"end":{"line":29,"column":103}}]},"6":{"line":29,"type":"binary-expr","locations":[{"start":{"line":29,"column":26},"end":{"line":29,"column":38}},{"start":{"line":29,"column":42},"end":{"line":29,"column":68}}]},"7":{"line":46,"type":"if","locations":[{"start":{"line":46,"column":8},"end":{"line":46,"column":8}},{"start":{"line":46,"column":8},"end":{"line":46,"column":8}}]},"8":{"line":47,"type":"if","locations":[{"start":{"line":47,"column":12},"end":{"line":47,"column":12}},{"start":{"line":47,"column":12},"end":{"line":47,"column":12}}]},"9":{"line":47,"type":"binary-expr","locations":[{"start":{"line":47,"column":15},"end":{"line":47,"column":30}},{"start":{"line":47,"column":34},"end":{"line":47,"column":60}},{"start":{"line":47,"column":64},"end":{"line":47,"column":89}},{"start":{"line":47,"column":93},"end":{"line":47,"column":120}},{"start":{"line":47,"column":124},"end":{"line":47,"column":146}}]},"10":{"line":64,"type":"if","locations":[{"start":{"line":64,"column":20},"end":{"line":64,"column":20}},{"start":{"line":64,"column":20},"end":{"line":64,"column":20}}]},"11":{"line":87,"type":"if","locations":[{"start":{"line":87,"column":13},"end":{"line":87,"column":13}},{"start":{"line":87,"column":13},"end":{"line":87,"column":13}}]},"12":{"line":88,"type":"if","locations":[{"start":{"line":88,"column":12},"end":{"line":88,"column":12}},{"start":{"line":88,"column":12},"end":{"line":88,"column":12}}]},"13":{"line":88,"type":"binary-expr","locations":[{"start":{"line":88,"column":15},"end":{"line":88,"column":32}},{"start":{"line":88,"column":36},"end":{"line":88,"column":64}},{"start":{"line":88,"column":68},"end":{"line":88,"column":95}},{"start":{"line":88,"column":99},"end":{"line":88,"column":128}},{"start":{"line":88,"column":132},"end":{"line":88,"column":158}}]},"14":{"line":104,"type":"if","locations":[{"start":{"line":104,"column":20},"end":{"line":104,"column":20}},{"start":{"line":104,"column":20},"end":{"line":104,"column":20}}]},"15":{"line":148,"type":"if","locations":[{"start":{"line":148,"column":8},"end":{"line":148,"column":8}},{"start":{"line":148,"column":8},"end":{"line":148,"column":8}}]},"16":{"line":148,"type":"binary-expr","locations":[{"start":{"line":148,"column":12},"end":{"line":148,"column":53}},{"start":{"line":148,"column":57},"end":{"line":148,"column":91}}]}}},"/home/ubuntu/TestApp/OAuthApp/src/logger/logger.js":{"path":"/home/ubuntu/TestApp/OAuthApp/src/logger/logger.js","s":{"1":1,"2":1,"3":1,"4":1,"5":1,"6":1,"7":1,"8":1,"9":1,"10":0,"11":0,"12":1,"13":1,"14":0,"15":0,"16":0,"17":0,"18":1,"19":0,"20":0,"21":0,"22":0,"23":0,"24":0,"25":0,"26":0,"27":0,"28":0,"29":0,"30":0,"31":0,"32":0,"33":0,"34":0,"35":0,"36":0,"37":0,"38":0,"39":0,"40":0,"41":0,"42":0,"43":0,"44":1,"45":1,"46":1,"47":1,"48":1,"49":1,"50":0,"51":1,"52":1,"53":0,"54":0,"55":0,"56":0,"57":0,"58":0,"59":0,"60":1,"61":1,"62":1,"63":1,"64":1,"65":0,"66":1,"67":0,"68":0,"69":0,"70":0,"71":1,"72":1,"73":1,"74":1,"75":1,"76":1,"77":1,"78":0,"79":1,"80":1,"81":1,"82":1,"83":1,"84":1,"85":1,"86":1,"87":1,"88":0,"89":0,"90":0,"91":0,"92":0,"93":0,"94":0,"95":0,"96":0,"97":0,"98":0,"99":0,"100":0,"101":0,"102":1,"103":0,"104":1,"105":1},"b":{"1":[0,1,0,0],"2":[0,0],"3":[0,0],"4":[0,0],"5":[0,1],"6":[1,0],"7":[0,1],"8":[0,0],"9":[0,0],"10":[0,1],"11":[1,1,1],"12":[1,0],"13":[1,0,0,0,0,0,0,0],"14":[1,0,0,0,0,0,0,0]},"f":{"1":1,"2":1,"3":1,"4":0,"5":0,"6":0,"7":0,"8":0,"9":0,"10":0,"11":0,"12":1,"13":1,"14":1,"15":0,"16":0,"17":0,"18":0,"19":0,"20":0,"21":0,"22":0,"23":1,"24":1,"25":1},"fnMap":{"1":{"name":"(anonymous_1)","line":12,"loc":{"start":{"line":12,"column":13},"end":{"line":12,"column":25}}},"2":{"name":"initLogger","line":20,"loc":{"start":{"line":20,"column":0},"end":{"line":20,"column":48}}},"3":{"name":"init","line":24,"loc":{"start":{"line":24,"column":0},"end":{"line":24,"column":42}}},"4":{"name":"logToMongoDB","line":42,"loc":{"start":{"line":42,"column":0},"end":{"line":42,"column":31}}},"5":{"name":"(anonymous_5)","line":47,"loc":{"start":{"line":47,"column":13},"end":{"line":47,"column":39}}},"6":{"name":"(anonymous_6)","line":52,"loc":{"start":{"line":52,"column":14},"end":{"line":52,"column":40}}},"7":{"name":"(anonymous_7)","line":55,"loc":{"start":{"line":55,"column":113},"end":{"line":55,"column":126}}},"8":{"name":"(anonymous_8)","line":64,"loc":{"start":{"line":64,"column":15},"end":{"line":64,"column":34}}},"9":{"name":"(anonymous_9)","line":67,"loc":{"start":{"line":67,"column":99},"end":{"line":67,"column":112}}},"10":{"name":"(anonymous_10)","line":76,"loc":{"start":{"line":76,"column":15},"end":{"line":76,"column":34}}},"11":{"name":"(anonymous_11)","line":79,"loc":{"start":{"line":79,"column":99},"end":{"line":79,"column":112}}},"12":{"name":"logToGraylog","line":93,"loc":{"start":{"line":93,"column":0},"end":{"line":93,"column":23}}},"13":{"name":"(anonymous_13)","line":96,"loc":{"start":{"line":96,"column":14},"end":{"line":96,"column":40}}},"14":{"name":"(anonymous_14)","line":98,"loc":{"start":{"line":98,"column":41},"end":{"line":98,"column":67}}},"15":{"name":"(anonymous_15)","line":108,"loc":{"start":{"line":108,"column":15},"end":{"line":108,"column":41}}},"16":{"name":"(anonymous_16)","line":111,"loc":{"start":{"line":111,"column":17},"end":{"line":111,"column":43}}},"17":{"name":"(anonymous_17)","line":114,"loc":{"start":{"line":114,"column":15},"end":{"line":114,"column":40}}},"18":{"name":"(anonymous_18)","line":117,"loc":{"start":{"line":117,"column":19},"end":{"line":117,"column":45}}},"19":{"name":"(anonymous_19)","line":120,"loc":{"start":{"line":120,"column":18},"end":{"line":120,"column":44}}},"20":{"name":"(anonymous_20)","line":123,"loc":{"start":{"line":123,"column":16},"end":{"line":123,"column":42}}},"21":{"name":"(anonymous_21)","line":126,"loc":{"start":{"line":126,"column":16},"end":{"line":126,"column":42}}},"22":{"name":"logToSplunk","line":133,"loc":{"start":{"line":133,"column":0},"end":{"line":133,"column":22}}},"23":{"name":"(anonymous_23)","line":139,"loc":{"start":{"line":139,"column":19},"end":{"line":139,"column":36}}},"24":{"name":"(anonymous_24)","line":154,"loc":{"start":{"line":154,"column":27},"end":{"line":154,"column":42}}},"25":{"name":"(anonymous_25)","line":160,"loc":{"start":{"line":160,"column":25},"end":{"line":160,"column":45}}}},"statementMap":{"1":{"start":{"line":7,"column":0},"end":{"line":7,"column":54}},"2":{"start":{"line":8,"column":0},"end":{"line":8,"column":58}},"3":{"start":{"line":9,"column":0},"end":{"line":9,"column":9}},"4":{"start":{"line":12,"column":0},"end":{"line":14,"column":2}},"5":{"start":{"line":17,"column":0},"end":{"line":17,"column":39}},"6":{"start":{"line":20,"column":0},"end":{"line":22,"column":1}},"7":{"start":{"line":21,"column":4},"end":{"line":21,"column":38}},"8":{"start":{"line":24,"column":0},"end":{"line":39,"column":1}},"9":{"start":{"line":25,"column":0},"end":{"line":38,"column":1}},"10":{"start":{"line":27,"column":8},"end":{"line":27,"column":30}},"11":{"start":{"line":28,"column":8},"end":{"line":28,"column":14}},"12":{"start":{"line":30,"column":8},"end":{"line":30,"column":23}},"13":{"start":{"line":31,"column":8},"end":{"line":31,"column":14}},"14":{"start":{"line":33,"column":8},"end":{"line":33,"column":22}},"15":{"start":{"line":34,"column":8},"end":{"line":34,"column":14}},"16":{"start":{"line":36,"column":8},"end":{"line":36,"column":23}},"17":{"start":{"line":37,"column":8},"end":{"line":37,"column":14}},"18":{"start":{"line":42,"column":0},"end":{"line":90,"column":1}},"19":{"start":{"line":43,"column":4},"end":{"line":43,"column":17}},"20":{"start":{"line":44,"column":4},"end":{"line":44,"column":13}},"21":{"start":{"line":45,"column":4},"end":{"line":45,"column":37}},"22":{"start":{"line":46,"column":4},"end":{"line":89,"column":6}},"23":{"start":{"line":48,"column":12},"end":{"line":48,"column":32}},"24":{"start":{"line":49,"column":12},"end":{"line":49,"column":25}},"25":{"start":{"line":50,"column":12},"end":{"line":50,"column":101}},"26":{"start":{"line":53,"column":12},"end":{"line":53,"column":36}},"27":{"start":{"line":54,"column":12},"end":{"line":54,"column":37}},"28":{"start":{"line":55,"column":12},"end":{"line":62,"column":15}},"29":{"start":{"line":56,"column":16},"end":{"line":61,"column":17}},"30":{"start":{"line":57,"column":20},"end":{"line":57,"column":49}},"31":{"start":{"line":60,"column":20},"end":{"line":60,"column":58}},"32":{"start":{"line":65,"column":12},"end":{"line":65,"column":36}},"33":{"start":{"line":66,"column":12},"end":{"line":66,"column":31}},"34":{"start":{"line":67,"column":12},"end":{"line":74,"column":15}},"35":{"start":{"line":68,"column":16},"end":{"line":73,"column":17}},"36":{"start":{"line":69,"column":20},"end":{"line":69,"column":49}},"37":{"start":{"line":72,"column":20},"end":{"line":72,"column":58}},"38":{"start":{"line":77,"column":12},"end":{"line":77,"column":36}},"39":{"start":{"line":78,"column":12},"end":{"line":78,"column":31}},"40":{"start":{"line":79,"column":12},"end":{"line":86,"column":15}},"41":{"start":{"line":80,"column":16},"end":{"line":85,"column":17}},"42":{"start":{"line":81,"column":20},"end":{"line":81,"column":49}},"43":{"start":{"line":84,"column":20},"end":{"line":84,"column":58}},"44":{"start":{"line":93,"column":0},"end":{"line":131,"column":1}},"45":{"start":{"line":94,"column":2},"end":{"line":94,"column":34}},"46":{"start":{"line":95,"column":4},"end":{"line":130,"column":6}},"47":{"start":{"line":97,"column":12},"end":{"line":97,"column":44}},"48":{"start":{"line":98,"column":12},"end":{"line":106,"column":15}},"49":{"start":{"line":99,"column":16},"end":{"line":105,"column":17}},"50":{"start":{"line":100,"column":20},"end":{"line":100,"column":60}},"51":{"start":{"line":103,"column":20},"end":{"line":103,"column":84}},"52":{"start":{"line":104,"column":20},"end":{"line":104,"column":104}},"53":{"start":{"line":109,"column":11},"end":{"line":109,"column":40}},"54":{"start":{"line":112,"column":12},"end":{"line":112,"column":43}},"55":{"start":{"line":115,"column":12},"end":{"line":115,"column":52}},"56":{"start":{"line":118,"column":12},"end":{"line":118,"column":46}},"57":{"start":{"line":121,"column":12},"end":{"line":121,"column":45}},"58":{"start":{"line":124,"column":12},"end":{"line":124,"column":42}},"59":{"start":{"line":127,"column":12},"end":{"line":127,"column":43}},"60":{"start":{"line":133,"column":0},"end":{"line":135,"column":1}},"61":{"start":{"line":137,"column":0},"end":{"line":137,"column":22}},"62":{"start":{"line":139,"column":0},"end":{"line":152,"column":1}},"63":{"start":{"line":140,"column":4},"end":{"line":151,"column":5}},"64":{"start":{"line":141,"column":8},"end":{"line":143,"column":9}},"65":{"start":{"line":142,"column":12},"end":{"line":142,"column":37}},"66":{"start":{"line":144,"column":8},"end":{"line":144,"column":57}},"67":{"start":{"line":146,"column":9},"end":{"line":151,"column":5}},"68":{"start":{"line":147,"column":8},"end":{"line":149,"column":9}},"69":{"start":{"line":148,"column":12},"end":{"line":148,"column":32}},"70":{"start":{"line":150,"column":8},"end":{"line":150,"column":55}},"71":{"start":{"line":154,"column":0},"end":{"line":213,"column":1}},"72":{"start":{"line":155,"column":4},"end":{"line":155,"column":33}},"73":{"start":{"line":156,"column":4},"end":{"line":158,"column":8}},"74":{"start":{"line":160,"column":4},"end":{"line":212,"column":7}},"75":{"start":{"line":161,"column":8},"end":{"line":161,"column":44}},"76":{"start":{"line":162,"column":8},"end":{"line":162,"column":30}},"77":{"start":{"line":164,"column":8},"end":{"line":211,"column":9}},"78":{"start":{"line":165,"column":12},"end":{"line":165,"column":83}},"79":{"start":{"line":167,"column":12},"end":{"line":167,"column":55}},"80":{"start":{"line":168,"column":12},"end":{"line":168,"column":43}},"81":{"start":{"line":169,"column":12},"end":{"line":169,"column":48}},"82":{"start":{"line":170,"column":12},"end":{"line":170,"column":53}},"83":{"start":{"line":171,"column":12},"end":{"line":171,"column":25}},"84":{"start":{"line":172,"column":12},"end":{"line":207,"column":13}},"85":{"start":{"line":175,"column":16},"end":{"line":200,"column":17}},"86":{"start":{"line":177,"column":24},"end":{"line":177,"column":50}},"87":{"start":{"line":178,"column":24},"end":{"line":178,"column":30}},"88":{"start":{"line":180,"column":24},"end":{"line":180,"column":51}},"89":{"start":{"line":181,"column":24},"end":{"line":181,"column":30}},"90":{"start":{"line":183,"column":24},"end":{"line":183,"column":53}},"91":{"start":{"line":184,"column":24},"end":{"line":184,"column":30}},"92":{"start":{"line":186,"column":24},"end":{"line":186,"column":51}},"93":{"start":{"line":187,"column":24},"end":{"line":187,"column":30}},"94":{"start":{"line":189,"column":24},"end":{"line":189,"column":55}},"95":{"start":{"line":190,"column":24},"end":{"line":190,"column":30}},"96":{"start":{"line":192,"column":24},"end":{"line":192,"column":51}},"97":{"start":{"line":193,"column":24},"end":{"line":193,"column":30}},"98":{"start":{"line":195,"column":24},"end":{"line":195,"column":54}},"99":{"start":{"line":196,"column":24},"end":{"line":196,"column":30}},"100":{"start":{"line":198,"column":24},"end":{"line":198,"column":52}},"101":{"start":{"line":199,"column":24},"end":{"line":199,"column":30}},"102":{"start":{"line":201,"column":16},"end":{"line":201,"column":99}},"103":{"start":{"line":205,"column":16},"end":{"line":205,"column":78}},"104":{"start":{"line":208,"column":12},"end":{"line":208,"column":38}},"105":{"start":{"line":231,"column":0},"end":{"line":231,"column":24}}},"branchMap":{"1":{"line":25,"type":"switch","locations":[{"start":{"line":26,"column":4},"end":{"line":28,"column":14}},{"start":{"line":29,"column":4},"end":{"line":31,"column":14}},{"start":{"line":32,"column":4},"end":{"line":34,"column":14}},{"start":{"line":35,"column":4},"end":{"line":37,"column":14}}]},"2":{"line":56,"type":"if","locations":[{"start":{"line":56,"column":16},"end":{"line":56,"column":16}},{"start":{"line":56,"column":16},"end":{"line":56,"column":16}}]},"3":{"line":68,"type":"if","locations":[{"start":{"line":68,"column":16},"end":{"line":68,"column":16}},{"start":{"line":68,"column":16},"end":{"line":68,"column":16}}]},"4":{"line":80,"type":"if","locations":[{"start":{"line":80,"column":16},"end":{"line":80,"column":16}},{"start":{"line":80,"column":16},"end":{"line":80,"column":16}}]},"5":{"line":99,"type":"if","locations":[{"start":{"line":99,"column":16},"end":{"line":99,"column":16}},{"start":{"line":99,"column":16},"end":{"line":99,"column":16}}]},"6":{"line":140,"type":"if","locations":[{"start":{"line":140,"column":4},"end":{"line":140,"column":4}},{"start":{"line":140,"column":4},"end":{"line":140,"column":4}}]},"7":{"line":141,"type":"if","locations":[{"start":{"line":141,"column":8},"end":{"line":141,"column":8}},{"start":{"line":141,"column":8},"end":{"line":141,"column":8}}]},"8":{"line":146,"type":"if","locations":[{"start":{"line":146,"column":9},"end":{"line":146,"column":9}},{"start":{"line":146,"column":9},"end":{"line":146,"column":9}}]},"9":{"line":147,"type":"if","locations":[{"start":{"line":147,"column":8},"end":{"line":147,"column":8}},{"start":{"line":147,"column":8},"end":{"line":147,"column":8}}]},"10":{"line":164,"type":"if","locations":[{"start":{"line":164,"column":8},"end":{"line":164,"column":8}},{"start":{"line":164,"column":8},"end":{"line":164,"column":8}}]},"11":{"line":164,"type":"binary-expr","locations":[{"start":{"line":164,"column":12},"end":{"line":164,"column":27}},{"start":{"line":164,"column":31},"end":{"line":164,"column":48}},{"start":{"line":164,"column":52},"end":{"line":164,"column":67}}]},"12":{"line":172,"type":"if","locations":[{"start":{"line":172,"column":12},"end":{"line":172,"column":12}},{"start":{"line":172,"column":12},"end":{"line":172,"column":12}}]},"13":{"line":172,"type":"binary-expr","locations":[{"start":{"line":172,"column":16},"end":{"line":172,"column":32}},{"start":{"line":172,"column":36},"end":{"line":172,"column":53}},{"start":{"line":172,"column":57},"end":{"line":172,"column":76}},{"start":{"line":172,"column":80},"end":{"line":172,"column":97}},{"start":{"line":173,"column":19},"end":{"line":173,"column":40}},{"start":{"line":173,"column":44},"end":{"line":173,"column":61}},{"start":{"line":173,"column":65},"end":{"line":173,"column":85}},{"start":{"line":173,"column":89},"end":{"line":173,"column":107}}]},"14":{"line":175,"type":"switch","locations":[{"start":{"line":176,"column":20},"end":{"line":178,"column":30}},{"start":{"line":179,"column":20},"end":{"line":181,"column":30}},{"start":{"line":182,"column":20},"end":{"line":184,"column":30}},{"start":{"line":185,"column":20},"end":{"line":187,"column":30}},{"start":{"line":188,"column":20},"end":{"line":190,"column":30}},{"start":{"line":191,"column":20},"end":{"line":193,"column":30}},{"start":{"line":194,"column":20},"end":{"line":196,"column":30}},{"start":{"line":197,"column":20},"end":{"line":199,"column":30}}]}}},"/home/ubuntu/TestApp/OAuthApp/src/logger/connectors/mongoconnector.js":{"path":"/home/ubuntu/TestApp/OAuthApp/src/logger/connectors/mongoconnector.js","s":{"1":1,"2":1,"3":0,"4":0,"5":0,"6":0,"7":0,"8":0,"9":0,"10":0,"11":0,"12":0,"13":0,"14":0,"15":0,"16":0,"17":0,"18":0,"19":0,"20":0,"21":0,"22":1},"b":{"1":[0,0],"2":[0,0],"3":[0,0],"4":[0,0]},"f":{"1":0,"2":0},"fnMap":{"1":{"name":"(anonymous_1)","line":3,"loc":{"start":{"line":3,"column":22},"end":{"line":4,"column":0}}},"2":{"name":"(anonymous_2)","line":24,"loc":{"start":{"line":24,"column":26},"end":{"line":24,"column":44}}}},"statementMap":{"1":{"start":{"line":1,"column":0},"end":{"line":1,"column":35}},"2":{"start":{"line":3,"column":0},"end":{"line":42,"column":1}},"3":{"start":{"line":5,"column":4},"end":{"line":5,"column":50}},"4":{"start":{"line":6,"column":4},"end":{"line":6,"column":65}},"5":{"start":{"line":7,"column":4},"end":{"line":7,"column":45}},"6":{"start":{"line":8,"column":4},"end":{"line":8,"column":12}},"7":{"start":{"line":9,"column":4},"end":{"line":20,"column":5}},"8":{"start":{"line":10,"column":8},"end":{"line":10,"column":51}},"9":{"start":{"line":11,"column":8},"end":{"line":13,"column":9}},"10":{"start":{"line":12,"column":12},"end":{"line":12,"column":33}},"11":{"start":{"line":14,"column":8},"end":{"line":14,"column":40}},"12":{"start":{"line":17,"column":8},"end":{"line":17,"column":40}},"13":{"start":{"line":18,"column":8},"end":{"line":18,"column":40}},"14":{"start":{"line":19,"column":8},"end":{"line":19,"column":63}},"15":{"start":{"line":21,"column":4},"end":{"line":21,"column":30}},"16":{"start":{"line":24,"column":4},"end":{"line":31,"column":7}},"17":{"start":{"line":25,"column":8},"end":{"line":30,"column":9}},"18":{"start":{"line":26,"column":12},"end":{"line":26,"column":59}},"19":{"start":{"line":29,"column":12},"end":{"line":29,"column":51}},"20":{"start":{"line":34,"column":4},"end":{"line":40,"column":7}},"21":{"start":{"line":41,"column":4},"end":{"line":41,"column":50}},"22":{"start":{"line":45,"column":0},"end":{"line":45,"column":37}}},"branchMap":{"1":{"line":9,"type":"if","locations":[{"start":{"line":9,"column":4},"end":{"line":9,"column":4}},{"start":{"line":9,"column":4},"end":{"line":9,"column":4}}]},"2":{"line":9,"type":"binary-expr","locations":[{"start":{"line":9,"column":7},"end":{"line":9,"column":47}},{"start":{"line":9,"column":51},"end":{"line":9,"column":68}}]},"3":{"line":11,"type":"if","locations":[{"start":{"line":11,"column":8},"end":{"line":11,"column":8}},{"start":{"line":11,"column":8},"end":{"line":11,"column":8}}]},"4":{"line":25,"type":"if","locations":[{"start":{"line":25,"column":8},"end":{"line":25,"column":8}},{"start":{"line":25,"column":8},"end":{"line":25,"column":8}}]}}},"/home/ubuntu/TestApp/OAuthApp/src/logger/connectors/graylogconnector.js":{"path":"/home/ubuntu/TestApp/OAuthApp/src/logger/connectors/graylogconnector.js","s":{"1":1,"2":1,"3":1,"4":1,"5":1},"b":{},"f":{},"fnMap":{},"statementMap":{"1":{"start":{"line":4,"column":0},"end":{"line":4,"column":30}},"2":{"start":{"line":5,"column":0},"end":{"line":5,"column":61}},"3":{"start":{"line":6,"column":0},"end":{"line":6,"column":41}},"4":{"start":{"line":8,"column":0},"end":{"line":16,"column":3}},"5":{"start":{"line":19,"column":0},"end":{"line":19,"column":28}}},"branchMap":{}},"/home/ubuntu/TestApp/OAuthApp/src/logger/configuration/config.js":{"path":"/home/ubuntu/TestApp/OAuthApp/src/logger/configuration/config.js","s":{"1":1,"2":1},"b":{},"f":{},"fnMap":{},"statementMap":{"1":{"start":{"line":5,"column":0},"end":{"line":23,"column":2}},"2":{"start":{"line":24,"column":0},"end":{"line":24,"column":31}}},"branchMap":{}},"/home/ubuntu/TestApp/OAuthApp/src/hooks/sendgridservice.js":{"path":"/home/ubuntu/TestApp/OAuthApp/src/hooks/sendgridservice.js","s":{"1":1,"2":1,"3":3,"4":3,"5":3,"6":3,"7":3,"8":3,"9":3,"10":0,"11":0,"12":1},"b":{"1":[3,0]},"f":{"1":3,"2":3,"3":3},"fnMap":{"1":{"name":"(anonymous_1)","line":6,"loc":{"start":{"line":6,"column":15},"end":{"line":6,"column":27}}},"2":{"name":"(anonymous_2)","line":11,"loc":{"start":{"line":11,"column":30},"end":{"line":11,"column":59}}},"3":{"name":"(anonymous_3)","line":24,"loc":{"start":{"line":24,"column":29},"end":{"line":24,"column":55}}}},"statementMap":{"1":{"start":{"line":6,"column":0},"end":{"line":8,"column":2}},"2":{"start":{"line":11,"column":0},"end":{"line":36,"column":1}},"3":{"start":{"line":12,"column":4},"end":{"line":35,"column":5}},"4":{"start":{"line":14,"column":8},"end":{"line":14,"column":82}},"5":{"start":{"line":15,"column":8},"end":{"line":20,"column":10}},"6":{"start":{"line":22,"column":8},"end":{"line":22,"column":48}},"7":{"start":{"line":24,"column":8},"end":{"line":31,"column":11}},"8":{"start":{"line":25,"column":12},"end":{"line":30,"column":13}},"9":{"start":{"line":26,"column":16},"end":{"line":26,"column":47}},"10":{"start":{"line":29,"column":16},"end":{"line":29,"column":39}},"11":{"start":{"line":34,"column":8},"end":{"line":34,"column":29}},"12":{"start":{"line":38,"column":0},"end":{"line":38,"column":26}}},"branchMap":{"1":{"line":25,"type":"if","locations":[{"start":{"line":25,"column":12},"end":{"line":25,"column":12}},{"start":{"line":25,"column":12},"end":{"line":25,"column":12}}]}}},"/home/ubuntu/TestApp/OAuthApp/src/hooks/twilioservice.js":{"path":"/home/ubuntu/TestApp/OAuthApp/src/hooks/twilioservice.js","s":{"1":1,"2":1,"3":1,"4":1,"5":1,"6":1,"7":1,"8":1,"9":1,"10":1,"11":0,"12":0,"13":1},"b":{"1":[1,0]},"f":{"1":1,"2":1,"3":1},"fnMap":{"1":{"name":"(anonymous_1)","line":7,"loc":{"start":{"line":7,"column":20},"end":{"line":7,"column":32}}},"2":{"name":"(anonymous_2)","line":12,"loc":{"start":{"line":12,"column":38},"end":{"line":12,"column":69}}},"3":{"name":"(anonymous_3)","line":21,"loc":{"start":{"line":21,"column":32},"end":{"line":21,"column":58}}}},"statementMap":{"1":{"start":{"line":7,"column":0},"end":{"line":9,"column":2}},"2":{"start":{"line":12,"column":0},"end":{"line":33,"column":2}},"3":{"start":{"line":13,"column":8},"end":{"line":13,"column":82}},"4":{"start":{"line":14,"column":8},"end":{"line":18,"column":10}},"5":{"start":{"line":19,"column":8},"end":{"line":19,"column":26}},"6":{"start":{"line":21,"column":8},"end":{"line":31,"column":11}},"7":{"start":{"line":22,"column":12},"end":{"line":30,"column":13}},"8":{"start":{"line":23,"column":16},"end":{"line":23,"column":92}},"9":{"start":{"line":24,"column":16},"end":{"line":24,"column":56}},"10":{"start":{"line":25,"column":16},"end":{"line":25,"column":47}},"11":{"start":{"line":28,"column":16},"end":{"line":28,"column":86}},"12":{"start":{"line":29,"column":15},"end":{"line":29,"column":41}},"13":{"start":{"line":35,"column":0},"end":{"line":35,"column":31}}},"branchMap":{"1":{"line":22,"type":"if","locations":[{"start":{"line":22,"column":12},"end":{"line":22,"column":12}},{"start":{"line":22,"column":12},"end":{"line":22,"column":12}}]}}}}