TN:
SF:/home/ubuntu/TestApp/OAuthApp/Test/OAuthTest.js
FN:18,(anonymous_1)
FN:34,(anonymous_2)
FN:36,(anonymous_3)
FN:40,(anonymous_4)
FN:41,(anonymous_5)
FN:46,(anonymous_6)
FN:59,(anonymous_7)
FN:74,(anonymous_8)
FN:79,(anonymous_9)
FN:92,(anonymous_10)
FN:93,(anonymous_11)
FN:96,(anonymous_12)
FN:105,(anonymous_13)
FN:106,(anonymous_14)
FN:111,(anonymous_15)
FN:127,(anonymous_16)
FN:128,(anonymous_17)
FN:134,(anonymous_18)
FN:145,(anonymous_19)
FN:147,(anonymous_20)
FN:157,(anonymous_21)
FN:158,(anonymous_22)
FN:163,(anonymous_23)
FN:172,(anonymous_24)
FN:174,(anonymous_25)
FNF:25
FNH:25
FNDA:1,(anonymous_1)
FNDA:1,(anonymous_2)
FNDA:1,(anonymous_3)
FNDA:1,(anonymous_4)
FNDA:1,(anonymous_5)
FNDA:1,(anonymous_6)
FNDA:1,(anonymous_7)
FNDA:1,(anonymous_8)
FNDA:1,(anonymous_9)
FNDA:1,(anonymous_10)
FNDA:1,(anonymous_11)
FNDA:1,(anonymous_12)
FNDA:1,(anonymous_13)
FNDA:1,(anonymous_14)
FNDA:1,(anonymous_15)
FNDA:1,(anonymous_16)
FNDA:1,(anonymous_17)
FNDA:1,(anonymous_18)
FNDA:1,(anonymous_19)
FNDA:1,(anonymous_20)
FNDA:1,(anonymous_21)
FNDA:1,(anonymous_22)
FNDA:1,(anonymous_23)
FNDA:1,(anonymous_24)
FNDA:1,(anonymous_25)
DA:4,1
DA:5,1
DA:6,1
DA:7,1
DA:8,1
DA:9,1
DA:10,1
DA:11,1
DA:12,1
DA:13,1
DA:18,1
DA:20,1
DA:34,1
DA:35,1
DA:36,1
DA:37,1
DA:40,1
DA:41,1
DA:42,1
DA:47,1
DA:48,1
DA:49,1
DA:50,1
DA:51,1
DA:52,1
DA:59,1
DA:60,1
DA:74,1
DA:75,1
DA:80,1
DA:81,1
DA:82,1
DA:83,1
DA:84,1
DA:85,1
DA:92,1
DA:93,1
DA:94,1
DA:97,1
DA:98,1
DA:99,1
DA:105,1
DA:106,1
DA:107,1
DA:112,1
DA:114,1
DA:115,1
DA:116,1
DA:117,1
DA:127,1
DA:128,1
DA:129,1
DA:134,1
DA:135,1
DA:136,1
DA:145,1
DA:147,1
DA:148,1
DA:149,1
DA:157,1
DA:158,1
DA:159,1
DA:163,1
DA:164,1
DA:165,1
DA:172,1
DA:174,1
DA:175,1
DA:176,1
LF:69
LH:69
BRF:0
BRH:0
end_of_record
TN:
SF:/home/ubuntu/TestApp/OAuthApp/src/app.js
FN:10,(anonymous_1)
FN:59,(anonymous_2)
FN:63,(anonymous_3)
FN:69,(anonymous_4)
FN:79,ensureAuthenticated
FNF:5
FNH:1
FNDA:1,(anonymous_1)
FNDA:0,(anonymous_2)
FNDA:0,(anonymous_3)
FNDA:0,(anonymous_4)
FNDA:0,ensureAuthenticated
DA:2,1
DA:3,1
DA:4,1
DA:5,1
DA:7,1
DA:10,1
DA:11,1
DA:12,1
DA:13,1
DA:14,1
DA:15,1
DA:16,1
DA:17,1
DA:21,1
DA:22,1
DA:23,1
DA:24,1
DA:29,1
DA:30,1
DA:31,1
DA:32,1
DA:34,1
DA:35,1
DA:36,1
DA:37,1
DA:39,1
DA:40,1
DA:41,1
DA:42,1
DA:45,1
DA:46,1
DA:48,1
DA:59,1
DA:60,0
DA:63,1
DA:64,0
DA:69,1
DA:70,0
DA:71,0
DA:79,1
DA:80,0
DA:81,0
DA:85,1
DA:86,1
DA:87,1
DA:88,1
LF:46
LH:40
BRDA:80,1,0,0
BRDA:80,1,1,0
BRDA:85,2,0,1
BRDA:85,2,1,1
BRF:4
BRH:2
end_of_record
TN:
SF:/home/ubuntu/TestApp/OAuthApp/src/providers/facebook.js
FN:21,(anonymous_1)
FN:33,facebook
FN:35,(anonymous_3)
FN:55,(anonymous_4)
FN:68,(anonymous_5)
FNF:5
FNH:1
FNDA:0,(anonymous_1)
FNDA:1,facebook
FNDA:0,(anonymous_3)
FNDA:0,(anonymous_4)
FNDA:0,(anonymous_5)
DA:2,1
DA:3,1
DA:4,1
DA:5,1
DA:6,1
DA:15,1
DA:16,0
DA:27,0
DA:28,0
DA:33,1
DA:35,1
DA:36,0
DA:37,0
DA:39,0
DA:42,0
DA:52,1
DA:66,1
DA:69,0
DA:76,0
DA:77,0
DA:78,0
DA:81,0
DA:86,1
LF:23
LH:11
BRDA:15,1,0,0
BRDA:15,1,1,1
BRDA:15,2,0,1
BRDA:15,2,1,0
BRDA:15,2,2,0
BRDA:36,3,0,0
BRDA:36,3,1,0
BRDA:36,4,0,0
BRDA:36,4,1,0
BRDA:36,4,2,0
BRDA:77,5,0,0
BRDA:77,5,1,0
BRF:12
BRH:2
end_of_record
TN:
SF:/home/ubuntu/TestApp/OAuthApp/src/providers/google.js
FN:22,(anonymous_1)
FN:34,google
FN:35,(anonymous_3)
FN:57,(anonymous_4)
FN:70,(anonymous_5)
FNF:5
FNH:1
FNDA:0,(anonymous_1)
FNDA:1,google
FNDA:0,(anonymous_3)
FNDA:0,(anonymous_4)
FNDA:0,(anonymous_5)
DA:2,1
DA:3,1
DA:4,1
DA:5,1
DA:6,1
DA:16,1
DA:17,0
DA:28,0
DA:29,0
DA:34,1
DA:35,1
DA:36,0
DA:37,0
DA:39,0
DA:42,0
DA:52,1
DA:68,1
DA:71,0
DA:77,0
DA:78,0
DA:79,0
DA:82,0
DA:88,1
LF:23
LH:11
BRDA:16,1,0,0
BRDA:16,1,1,1
BRDA:16,2,0,1
BRDA:16,2,1,0
BRDA:16,2,2,0
BRDA:36,3,0,0
BRDA:36,3,1,0
BRDA:36,4,0,0
BRDA:36,4,1,0
BRDA:36,4,2,0
BRDA:78,5,0,0
BRDA:78,5,1,0
BRF:12
BRH:2
end_of_record
TN:
SF:/home/ubuntu/TestApp/OAuthApp/src/providers/linkedin.js
FN:25,(anonymous_1)
FN:38,linkedin
FN:39,(anonymous_3)
FN:57,(anonymous_4)
FN:70,(anonymous_5)
FNF:5
FNH:1
FNDA:0,(anonymous_1)
FNDA:1,linkedin
FNDA:0,(anonymous_3)
FNDA:0,(anonymous_4)
FNDA:0,(anonymous_5)
DA:2,1
DA:3,1
DA:4,1
DA:5,1
DA:6,1
DA:16,1
DA:17,0
DA:31,0
DA:32,0
DA:38,1
DA:39,1
DA:40,0
DA:41,0
DA:43,0
DA:46,0
DA:55,1
DA:68,1
DA:71,0
DA:77,0
DA:78,0
DA:79,0
DA:82,0
DA:87,1
LF:23
LH:11
BRDA:16,1,0,0
BRDA:16,1,1,1
BRDA:16,2,0,1
BRDA:16,2,1,0
BRDA:16,2,2,0
BRDA:40,3,0,0
BRDA:40,3,1,0
BRDA:40,4,0,0
BRDA:40,4,1,0
BRDA:40,4,2,0
BRDA:78,5,0,0
BRDA:78,5,1,0
BRF:12
BRH:2
end_of_record
TN:
SF:/home/ubuntu/TestApp/OAuthApp/src/providers/twitter.js
FN:23,(anonymous_1)
FN:36,twitter
FN:37,(anonymous_3)
FN:55,(anonymous_4)
FN:67,(anonymous_5)
FNF:5
FNH:1
FNDA:0,(anonymous_1)
FNDA:1,twitter
FNDA:0,(anonymous_3)
FNDA:0,(anonymous_4)
FNDA:0,(anonymous_5)
DA:2,1
DA:3,1
DA:4,1
DA:5,1
DA:6,1
DA:7,1
DA:17,1
DA:18,0
DA:29,0
DA:30,0
DA:31,0
DA:36,1
DA:37,1
DA:38,0
DA:39,0
DA:41,0
DA:44,0
DA:53,1
DA:65,1
DA:68,0
DA:75,0
DA:76,0
DA:77,0
DA:80,0
DA:86,1
LF:25
LH:12
BRDA:17,1,0,0
BRDA:17,1,1,1
BRDA:17,2,0,1
BRDA:17,2,1,0
BRDA:17,2,2,0
BRDA:38,3,0,0
BRDA:38,3,1,0
BRDA:38,4,0,0
BRDA:38,4,1,0
BRDA:38,4,2,0
BRDA:76,5,0,0
BRDA:76,5,1,0
BRF:12
BRH:2
end_of_record
TN:
SF:/home/ubuntu/TestApp/OAuthApp/src/hooks/otp.js
FN:13,(anonymous_1)
FN:21,(anonymous_2)
FN:23,(anonymous_3)
FN:61,(anonymous_4)
FN:101,(anonymous_5)
FN:132,(anonymous_6)
FN:134,(anonymous_7)
FNF:7
FNH:6
FNDA:1,(anonymous_1)
FNDA:1,(anonymous_2)
FNDA:2,(anonymous_3)
FNDA:0,(anonymous_4)
FNDA:2,(anonymous_5)
FNDA:1,(anonymous_6)
FNDA:1,(anonymous_7)
DA:6,1
DA:7,1
DA:8,1
DA:9,1
DA:10,1
DA:11,1
DA:13,1
DA:21,1
DA:23,1
DA:25,2
DA:27,2
DA:28,2
DA:29,2
DA:30,2
DA:33,2
DA:35,2
DA:38,2
DA:41,2
DA:42,2
DA:43,2
DA:46,2
DA:47,0
DA:49,0
DA:50,0
DA:52,0
DA:61,0
DA:62,0
DA:63,0
DA:64,0
DA:66,0
DA:69,0
DA:74,0
DA:81,0
DA:82,0
DA:83,0
DA:87,2
DA:88,2
DA:90,2
DA:91,2
DA:93,2
DA:101,2
DA:102,2
DA:103,2
DA:104,2
DA:105,0
DA:108,2
DA:112,2
DA:117,0
DA:118,0
DA:119,0
DA:123,0
DA:124,0
DA:125,0
DA:132,1
DA:134,1
DA:136,1
DA:138,1
DA:140,1
DA:141,1
DA:143,1
DA:144,1
DA:145,1
DA:146,1
DA:147,1
DA:148,1
DA:149,1
DA:150,1
DA:152,0
DA:153,0
DA:162,1
LF:70
LH:47
BRDA:27,1,0,2
BRDA:27,1,1,0
BRDA:27,2,0,2
BRDA:27,2,1,2
BRDA:28,3,0,2
BRDA:28,3,1,0
BRDA:28,4,0,2
BRDA:28,4,1,2
BRDA:29,5,0,2
BRDA:29,5,1,0
BRDA:29,6,0,2
BRDA:29,6,1,2
BRDA:46,7,0,0
BRDA:46,7,1,2
BRDA:47,8,0,0
BRDA:47,8,1,0
BRDA:47,9,0,0
BRDA:47,9,1,0
BRDA:47,9,2,0
BRDA:47,9,3,0
BRDA:47,9,4,0
BRDA:64,10,0,0
BRDA:64,10,1,0
BRDA:87,11,0,2
BRDA:87,11,1,0
BRDA:88,12,0,2
BRDA:88,12,1,0
BRDA:88,13,0,2
BRDA:88,13,1,2
BRDA:88,13,2,2
BRDA:88,13,3,2
BRDA:88,13,4,2
BRDA:104,14,0,0
BRDA:104,14,1,2
BRDA:148,15,0,1
BRDA:148,15,1,0
BRDA:148,16,0,1
BRDA:148,16,1,1
BRF:38
BRH:21
end_of_record
TN:
SF:/home/ubuntu/TestApp/OAuthApp/src/logger/logger.js
FN:12,(anonymous_1)
FN:20,initLogger
FN:24,init
FN:42,logToMongoDB
FN:47,(anonymous_5)
FN:52,(anonymous_6)
FN:55,(anonymous_7)
FN:64,(anonymous_8)
FN:67,(anonymous_9)
FN:76,(anonymous_10)
FN:79,(anonymous_11)
FN:93,logToGraylog
FN:96,(anonymous_13)
FN:98,(anonymous_14)
FN:108,(anonymous_15)
FN:111,(anonymous_16)
FN:114,(anonymous_17)
FN:117,(anonymous_18)
FN:120,(anonymous_19)
FN:123,(anonymous_20)
FN:126,(anonymous_21)
FN:133,logToSplunk
FN:139,(anonymous_23)
FN:154,(anonymous_24)
FN:160,(anonymous_25)
FNF:25
FNH:9
FNDA:1,(anonymous_1)
FNDA:1,initLogger
FNDA:1,init
FNDA:0,logToMongoDB
FNDA:0,(anonymous_5)
FNDA:0,(anonymous_6)
FNDA:0,(anonymous_7)
FNDA:0,(anonymous_8)
FNDA:0,(anonymous_9)
FNDA:0,(anonymous_10)
FNDA:0,(anonymous_11)
FNDA:1,logToGraylog
FNDA:1,(anonymous_13)
FNDA:1,(anonymous_14)
FNDA:0,(anonymous_15)
FNDA:0,(anonymous_16)
FNDA:0,(anonymous_17)
FNDA:0,(anonymous_18)
FNDA:0,(anonymous_19)
FNDA:0,(anonymous_20)
FNDA:0,(anonymous_21)
FNDA:0,logToSplunk
FNDA:1,(anonymous_23)
FNDA:1,(anonymous_24)
FNDA:1,(anonymous_25)
DA:7,1
DA:8,1
DA:9,1
DA:12,1
DA:17,1
DA:20,1
DA:21,1
DA:24,1
DA:25,1
DA:27,0
DA:28,0
DA:30,1
DA:31,1
DA:33,0
DA:34,0
DA:36,0
DA:37,0
DA:42,1
DA:43,0
DA:44,0
DA:45,0
DA:46,0
DA:48,0
DA:49,0
DA:50,0
DA:53,0
DA:54,0
DA:55,0
DA:56,0
DA:57,0
DA:60,0
DA:65,0
DA:66,0
DA:67,0
DA:68,0
DA:69,0
DA:72,0
DA:77,0
DA:78,0
DA:79,0
DA:80,0
DA:81,0
DA:84,0
DA:93,1
DA:94,1
DA:95,1
DA:97,1
DA:98,1
DA:99,1
DA:100,0
DA:103,1
DA:104,1
DA:109,0
DA:112,0
DA:115,0
DA:118,0
DA:121,0
DA:124,0
DA:127,0
DA:133,1
DA:137,1
DA:139,1
DA:140,1
DA:141,1
DA:142,0
DA:144,1
DA:146,0
DA:147,0
DA:148,0
DA:150,0
DA:154,1
DA:155,1
DA:156,1
DA:160,1
DA:161,1
DA:162,1
DA:164,1
DA:165,0
DA:167,1
DA:168,1
DA:169,1
DA:170,1
DA:171,1
DA:172,1
DA:175,1
DA:177,1
DA:178,1
DA:180,0
DA:181,0
DA:183,0
DA:184,0
DA:186,0
DA:187,0
DA:189,0
DA:190,0
DA:192,0
DA:193,0
DA:195,0
DA:196,0
DA:198,0
DA:199,0
DA:201,1
DA:205,0
DA:208,1
DA:231,1
LF:105
LH:45
BRDA:25,1,0,0
BRDA:25,1,1,1
BRDA:25,1,2,0
BRDA:25,1,3,0
BRDA:56,2,0,0
BRDA:56,2,1,0
BRDA:68,3,0,0
BRDA:68,3,1,0
BRDA:80,4,0,0
BRDA:80,4,1,0
BRDA:99,5,0,0
BRDA:99,5,1,1
BRDA:140,6,0,1
BRDA:140,6,1,0
BRDA:141,7,0,0
BRDA:141,7,1,1
BRDA:146,8,0,0
BRDA:146,8,1,0
BRDA:147,9,0,0
BRDA:147,9,1,0
BRDA:164,10,0,0
BRDA:164,10,1,1
BRDA:164,11,0,1
BRDA:164,11,1,1
BRDA:164,11,2,1
BRDA:172,12,0,1
BRDA:172,12,1,0
BRDA:172,13,0,1
BRDA:172,13,1,0
BRDA:172,13,2,0
BRDA:172,13,3,0
BRDA:172,13,4,0
BRDA:172,13,5,0
BRDA:172,13,6,0
BRDA:172,13,7,0
BRDA:175,14,0,1
BRDA:175,14,1,0
BRDA:175,14,2,0
BRDA:175,14,3,0
BRDA:175,14,4,0
BRDA:175,14,5,0
BRDA:175,14,6,0
BRDA:175,14,7,0
BRF:43
BRH:11
end_of_record
TN:
SF:/home/ubuntu/TestApp/OAuthApp/src/logger/connectors/mongoconnector.js
FN:3,(anonymous_1)
FN:24,(anonymous_2)
FNF:2
FNH:0
FNDA:0,(anonymous_1)
FNDA:0,(anonymous_2)
DA:1,1
DA:3,1
DA:5,0
DA:6,0
DA:7,0
DA:8,0
DA:9,0
DA:10,0
DA:11,0
DA:12,0
DA:14,0
DA:17,0
DA:18,0
DA:19,0
DA:21,0
DA:24,0
DA:25,0
DA:26,0
DA:29,0
DA:34,0
DA:41,0
DA:45,1
LF:22
LH:3
BRDA:9,1,0,0
BRDA:9,1,1,0
BRDA:9,2,0,0
BRDA:9,2,1,0
BRDA:11,3,0,0
BRDA:11,3,1,0
BRDA:25,4,0,0
BRDA:25,4,1,0
BRF:8
BRH:0
end_of_record
TN:
SF:/home/ubuntu/TestApp/OAuthApp/src/logger/connectors/graylogconnector.js
FNF:0
FNH:0
DA:4,1
DA:5,1
DA:6,1
DA:8,1
DA:19,1
LF:5
LH:5
BRF:0
BRH:0
end_of_record
TN:
SF:/home/ubuntu/TestApp/OAuthApp/src/logger/configuration/config.js
FNF:0
FNH:0
DA:5,1
DA:24,1
LF:2
LH:2
BRF:0
BRH:0
end_of_record
TN:
SF:/home/ubuntu/TestApp/OAuthApp/src/hooks/sendgridservice.js
FN:6,(anonymous_1)
FN:11,(anonymous_2)
FN:24,(anonymous_3)
FNF:3
FNH:3
FNDA:3,(anonymous_1)
FNDA:3,(anonymous_2)
FNDA:3,(anonymous_3)
DA:6,1
DA:11,1
DA:12,3
DA:14,3
DA:15,3
DA:22,3
DA:24,3
DA:25,3
DA:26,3
DA:29,0
DA:34,0
DA:38,1
LF:12
LH:10
BRDA:25,1,0,3
BRDA:25,1,1,0
BRF:2
BRH:1
end_of_record
TN:
SF:/home/ubuntu/TestApp/OAuthApp/src/hooks/twilioservice.js
FN:7,(anonymous_1)
FN:12,(anonymous_2)
FN:21,(anonymous_3)
FNF:3
FNH:3
FNDA:1,(anonymous_1)
FNDA:1,(anonymous_2)
FNDA:1,(anonymous_3)
DA:7,1
DA:12,1
DA:13,1
DA:14,1
DA:19,1
DA:21,1
DA:22,1
DA:23,1
DA:24,1
DA:25,1
DA:28,0
DA:29,0
DA:35,1
LF:13
LH:11
BRDA:22,1,0,1
BRDA:22,1,1,0
BRF:2
BRH:1
end_of_record
